  Compiling CUDA source file kernel.cu...
  
  C:\Users\ivita\source\repos\filtersOpenCL\filtersOpenCL>"C:\Program Files\NVIDIA GPU Computing Toolkit\CUDA\v12.1\bin\nvcc.exe" -gencode=arch=compute_52,code=\"sm_52,compute_52\" --use-local-env -ccbin "C:\Program Files\Microsoft Visual Studio\2022\Community\VC\Tools\MSVC\14.34.31933\bin\HostX64\x64" -x cu   -I"C:\Program Files\NVIDIA GPU Computing Toolkit\CUDA\v12.1\include" -I"C:\Program Files\NVIDIA GPU Computing Toolkit\CUDA\v12.1\include"     --keep-dir x64\Release  -maxrregcount=0   --machine 64 --compile -cudart static    -DWIN32 -DWIN64 -DNDEBUG -D_CONSOLE -D_MBCS -Xcompiler "/EHsc /W3 /nologo /O2 /FS   /MD " -Xcompiler "/Fdx64\Release\vc143.pdb" -o C:\Users\ivita\source\repos\filtersOpenCL\filtersOpenCL\x64\Release\kernel.cu.obj "C:\Users\ivita\source\repos\filtersOpenCL\filtersOpenCL\kernel.cu" 
  cl_version.h: CL_TARGET_OPENCL_VERSION is not defined. Defaulting to 300 (OpenCL 3.0)
  kernel.cu
  tmpxft_00008aa4_00000000-7_kernel.cudafe1.cpp
  cl_version.h: CL_TARGET_OPENCL_VERSION is not defined. Defaulting to 300 (OpenCL 3.0)
C:\Users\ivita\source\repos\filtersOpenCL\filtersOpenCL\filters.h(31): warning C4018: <: несоответствие типов со знаком и без знака
C:\Users\ivita\source\repos\filtersOpenCL\filtersOpenCL\filters.h(56): warning C4996: 'clCreateCommandQueue': объявлен deprecate
C:\Users\ivita\source\repos\filtersOpenCL\filtersOpenCL\filters.h(67): warning C4018: <: несоответствие типов со знаком и без знака
C:\Users\ivita\source\repos\filtersOpenCL\filtersOpenCL\lodepng/lodepng.cpp(687): warning C4334: <<: результат 32-разрядного смещения неявно преобразуется в 64-разрядное значение (предполагалось 64-разрядное смещение?)
C:\Users\ivita\source\repos\filtersOpenCL\filtersOpenCL\lodepng/lodepng.cpp(705): warning C4267: =: преобразование из "size_t" в "unsigned short"; возможна потеря данных
C:\Users\ivita\source\repos\filtersOpenCL\filtersOpenCL\lodepng/lodepng.cpp(706): warning C4334: <<: результат 32-разрядного смещения неявно преобразуется в 64-разрядное значение (предполагалось 64-разрядное смещение?)
C:\Users\ivita\source\repos\filtersOpenCL\filtersOpenCL\lodepng/lodepng.cpp(730): warning C4267: =: преобразование из "size_t" в "unsigned short"; возможна потеря данных
C:\Users\ivita\source\repos\filtersOpenCL\filtersOpenCL\lodepng/lodepng.cpp(747): warning C4267: =: преобразование из "size_t" в "unsigned short"; возможна потеря данных
C:\Users\ivita\source\repos\filtersOpenCL\filtersOpenCL\lodepng/lodepng.cpp(3726): warning C4267: аргумент: преобразование из "size_t" в "unsigned int"; возможна потеря данных
C:\Users\ivita\source\repos\filtersOpenCL\filtersOpenCL\lodepng/lodepng.cpp(4729): warning C4267: =: преобразование из "size_t" в "unsigned int"; возможна потеря данных
C:\Users\ivita\source\repos\filtersOpenCL\filtersOpenCL\lodepng/lodepng.cpp(4998): warning C4267: аргумент: преобразование из "size_t" в "unsigned int"; возможна потеря данных
C:\Users\ivita\source\repos\filtersOpenCL\filtersOpenCL\lodepng/lodepng.cpp(5003): warning C4267: аргумент: преобразование из "size_t" в "unsigned int"; возможна потеря данных
C:\Users\ivita\source\repos\filtersOpenCL\filtersOpenCL\lodepng/lodepng.cpp(5004): warning C4267: аргумент: преобразование из "size_t" в "unsigned int"; возможна потеря данных
C:\Users\ivita\source\repos\filtersOpenCL\filtersOpenCL\lodepng/lodepng.cpp(5005): warning C4267: аргумент: преобразование из "size_t" в "unsigned int"; возможна потеря данных
C:\Users\ivita\source\repos\filtersOpenCL\filtersOpenCL\lodepng/lodepng.cpp(5006): warning C4267: аргумент: преобразование из "size_t" в "unsigned int"; возможна потеря данных
C:\Users\ivita\source\repos\filtersOpenCL\filtersOpenCL\lodepng/lodepng.cpp(5007): warning C4267: аргумент: преобразование из "size_t" в "unsigned int"; возможна потеря данных
C:\Users\ivita\source\repos\filtersOpenCL\filtersOpenCL\lodepng/lodepng.cpp(5008): warning C4267: аргумент: преобразование из "size_t" в "unsigned int"; возможна потеря данных
C:\Users\ivita\source\repos\filtersOpenCL\filtersOpenCL\lodepng/lodepng.cpp(5009): warning C4267: аргумент: преобразование из "size_t" в "unsigned int"; возможна потеря данных
C:\Users\ivita\source\repos\filtersOpenCL\filtersOpenCL\lodepng/lodepng.cpp(5204): warning C4267: аргумент: преобразование из "size_t" в "unsigned int"; возможна потеря данных
C:\Users\ivita\source\repos\filtersOpenCL\filtersOpenCL\lodepng/lodepng.cpp(5228): warning C4267: аргумент: преобразование из "size_t" в "unsigned int"; возможна потеря данных
C:\Users\ivita\source\repos\filtersOpenCL\filtersOpenCL\lodepng/lodepng.cpp(5262): warning C4267: аргумент: преобразование из "size_t" в "unsigned int"; возможна потеря данных
C:\Users\ivita\source\repos\filtersOpenCL\filtersOpenCL\lodepng/lodepng.cpp(5279): warning C4267: аргумент: преобразование из "size_t" в "unsigned int"; возможна потеря данных
C:\Users\ivita\source\repos\filtersOpenCL\filtersOpenCL\lodepng/lodepng.cpp(5301): warning C4267: аргумент: преобразование из "size_t" в "unsigned int"; возможна потеря данных
C:\Users\ivita\source\repos\filtersOpenCL\filtersOpenCL\lodepng/lodepng.cpp(5332): warning C4267: аргумент: преобразование из "size_t" в "unsigned int"; возможна потеря данных
C:\Users\ivita\source\repos\filtersOpenCL\filtersOpenCL\lodepng/lodepng.cpp(5445): warning C4267: аргумент: преобразование из "size_t" в "unsigned int"; возможна потеря данных
C:\Users\ivita\source\repos\filtersOpenCL\filtersOpenCL\lodepng/lodepng.cpp(5559): warning C4334: <<: результат 32-разрядного смещения неявно преобразуется в 64-разрядное значение (предполагалось 64-разрядное смещение?)
     Создается библиотека C:\Users\ivita\source\repos\filtersOpenCL\x64\Release\filtersOpenCL.lib и объект C:\Users\ivita\source\repos\filtersOpenCL\x64\Release\filtersOpenCL.exp
LINK : warning LNK4098: библиотека по умолчанию "LIBCMT" конфликтует с использованием других библиотек; используйте /NODEFAULTLIB:library
  LINK : указан параметр /LTCG, но не требуется создание кода; удалите /LTCG из командной строки компоновки для повышения производительности компоновщика
  filtersOpenCL.vcxproj -> C:\Users\ivita\source\repos\filtersOpenCL\x64\Release\filtersOpenCL.exe
